2026-01-25 04:20:47 INFO  o.h.validator.internal.util.Version - HV000001: Hibernate Validator 8.0.3.Final
2026-01-25 04:20:47 INFO  c.s.c.CrmOrderSystemApplicationTests - Starting CrmOrderSystemApplicationTests using Java 17.0.12 with PID 5044 (started by user in C:\Users\user\Desktop\crm-order-system)
2026-01-25 04:20:47 DEBUG c.s.c.CrmOrderSystemApplicationTests - Running with Spring Boot v3.5.9, Spring v6.2.15
2026-01-25 04:20:47 INFO  c.s.c.CrmOrderSystemApplicationTests - No active profile set, falling back to 1 default profile: "default"
2026-01-25 04:20:49 INFO  o.s.d.r.c.RepositoryConfigurationDelegate - Bootstrapping Spring Data JPA repositories in DEFAULT mode.
2026-01-25 04:20:49 INFO  o.s.d.r.c.RepositoryConfigurationDelegate - Finished Spring Data repository scanning in 141 ms. Found 6 JPA repository interfaces.
2026-01-25 04:20:51 INFO  o.h.jpa.internal.util.LogHelper - HHH000204: Processing PersistenceUnitInfo [name: default]
2026-01-25 04:20:51 INFO  org.hibernate.Version - HHH000412: Hibernate ORM core version 6.6.39.Final
2026-01-25 04:20:52 INFO  o.h.c.i.RegionFactoryInitiator - HHH000026: Second-level cache disabled
2026-01-25 04:20:52 INFO  o.s.o.j.p.SpringPersistenceUnitInfo - No LoadTimeWeaver setup: ignoring JPA class transformer
2026-01-25 04:20:52 INFO  com.zaxxer.hikari.HikariDataSource - HikariPool-1 - Starting...
2026-01-25 04:20:53 INFO  com.zaxxer.hikari.pool.HikariPool - HikariPool-1 - Added connection conn0: url=jdbc:h2:mem:crmdb user=SA
2026-01-25 04:20:53 INFO  com.zaxxer.hikari.HikariDataSource - HikariPool-1 - Start completed.
2026-01-25 04:20:53 INFO  o.hibernate.orm.connections.pooling - HHH10001005: Database info:
	Database JDBC URL [Connecting through datasource 'HikariDataSource (HikariPool-1)']
	Database driver: undefined/unknown
	Database version: 2.3.232
	Autocommit mode: undefined/unknown
	Isolation level: undefined/unknown
	Minimum pool size: undefined/unknown
	Maximum pool size: undefined/unknown
2026-01-25 04:20:55 INFO  o.h.e.t.j.p.i.JtaPlatformInitiator - HHH000489: No JTA platform available (set 'hibernate.transaction.jta.platform' to enable JTA platform integration)
2026-01-25 04:20:55 INFO  o.s.o.j.LocalContainerEntityManagerFactoryBean - Initialized JPA EntityManagerFactory for persistence unit 'default'
2026-01-25 04:20:56 INFO  o.s.s.c.a.a.c.InitializeUserDetailsBeanManagerConfigurer$InitializeUserDetailsManagerConfigurer - Global AuthenticationManager configured with UserDetailsService bean with name appUserDetailsService
2026-01-25 04:20:57 WARN  o.s.b.a.o.j.JpaBaseConfiguration$JpaWebConfiguration - spring.jpa.open-in-view is enabled by default. Therefore, database queries may be performed during view rendering. Explicitly configure spring.jpa.open-in-view to disable this warning
2026-01-25 04:20:58 INFO  o.s.b.a.e.web.EndpointLinksResolver - Exposing 2 endpoints beneath base path '/actuator'
2026-01-25 04:20:58 INFO  o.s.b.a.h.H2ConsoleAutoConfiguration - H2 console available at '/h2-console'. Database available at 'jdbc:h2:mem:crmdb'
2026-01-25 04:20:59 INFO  c.s.c.CrmOrderSystemApplicationTests - Started CrmOrderSystemApplicationTests in 12.665 seconds (process running for 14.158)
2026-01-25 04:21:00 INFO  c.s.c.config.DataSeeder - ? Default admin user yarad?ld?: username=admin, password=12345
2026-01-25 04:21:00 WARN  o.s.c.events.SpringDocAppInitializer - SpringDoc /v3/api-docs endpoint is enabled by default. To disable it in production, set the property 'springdoc.api-docs.enabled=false'
2026-01-25 04:21:00 WARN  o.s.c.events.SpringDocAppInitializer - SpringDoc /swagger-ui.html endpoint is enabled by default. To disable it in production, set the property 'springdoc.swagger-ui.enabled=false'
2026-01-25 04:21:01 INFO  c.s.c.service.UserService - ?stifad?çi DB?d? ID il? axtar?l?r: 1
2026-01-25 04:21:01 INFO  c.s.c.service.UserService - ?stifad?çi siyah?s? DB?d?n g?tirilir...
2026-01-25 04:21:01 DEBUG c.s.c.service.UserService - DB?d?n g?tiril?n istifad?çi say?: 1
2026-01-25 04:21:01 INFO  c.s.c.service.UserService - Yeni istifad?çi DB?y? yaz?l?r: Samir
2026-01-25 04:21:01 INFO  c.s.c.service.UserService - ?stifad?çi u?urla DB?y? yaz?ld?, ID: 1
2026-01-25 04:21:01 INFO  c.s.c.service.UserService - ?stifad?çi DB?d? yenil?nir, ID: 1
2026-01-25 04:21:01 INFO  c.s.c.service.UserService - ?stifad?çi u?urla yenil?ndi, ID: 1
2026-01-25 04:21:01 INFO  c.s.c.service.UserService - ?stifad?çi DB?d? ID il? axtar?l?r: 99
2026-01-25 04:21:01 INFO  c.s.c.service.UserService - ?stifad?çi DB?d?n silinir, ID: 1
2026-01-25 04:21:01 INFO  c.s.c.service.UserService - ?stifad?çi DB?d? ID il? axtar?l?r: 1
2026-01-25 04:21:01 INFO  c.s.c.service.UserService - ?stifad?çi u?urla silindi, ID: 1
2026-01-25 04:21:02 INFO  o.s.o.j.LocalContainerEntityManagerFactoryBean - Closing JPA EntityManagerFactory for persistence unit 'default'
2026-01-25 04:21:02 INFO  com.zaxxer.hikari.HikariDataSource - HikariPool-1 - Shutdown initiated...
2026-01-25 04:21:02 INFO  com.zaxxer.hikari.HikariDataSource - HikariPool-1 - Shutdown completed.
2026-01-25 15:45:21 INFO  o.h.validator.internal.util.Version - HV000001: Hibernate Validator 8.0.3.Final
2026-01-25 15:45:21 INFO  c.s.c.CrmOrderSystemApplicationTests - Starting CrmOrderSystemApplicationTests using Java 17.0.12 with PID 18268 (started by user in C:\Users\user\Desktop\crm-order-system)
2026-01-25 15:45:21 DEBUG c.s.c.CrmOrderSystemApplicationTests - Running with Spring Boot v3.5.9, Spring v6.2.15
2026-01-25 15:45:21 INFO  c.s.c.CrmOrderSystemApplicationTests - No active profile set, falling back to 1 default profile: "default"
2026-01-25 15:45:25 INFO  o.s.d.r.c.RepositoryConfigurationDelegate - Bootstrapping Spring Data JPA repositories in DEFAULT mode.
2026-01-25 15:45:25 INFO  o.s.d.r.c.RepositoryConfigurationDelegate - Finished Spring Data repository scanning in 176 ms. Found 6 JPA repository interfaces.
2026-01-25 15:45:27 INFO  o.h.jpa.internal.util.LogHelper - HHH000204: Processing PersistenceUnitInfo [name: default]
2026-01-25 15:45:27 INFO  org.hibernate.Version - HHH000412: Hibernate ORM core version 6.6.39.Final
2026-01-25 15:45:27 INFO  o.h.c.i.RegionFactoryInitiator - HHH000026: Second-level cache disabled
2026-01-25 15:45:28 INFO  o.s.o.j.p.SpringPersistenceUnitInfo - No LoadTimeWeaver setup: ignoring JPA class transformer
2026-01-25 15:45:28 INFO  com.zaxxer.hikari.HikariDataSource - HikariPool-1 - Starting...
2026-01-25 15:45:29 INFO  com.zaxxer.hikari.pool.HikariPool - HikariPool-1 - Added connection conn0: url=jdbc:h2:mem:crmdb user=SA
2026-01-25 15:45:29 INFO  com.zaxxer.hikari.HikariDataSource - HikariPool-1 - Start completed.
2026-01-25 15:45:29 INFO  o.hibernate.orm.connections.pooling - HHH10001005: Database info:
	Database JDBC URL [Connecting through datasource 'HikariDataSource (HikariPool-1)']
	Database driver: undefined/unknown
	Database version: 2.3.232
	Autocommit mode: undefined/unknown
	Isolation level: undefined/unknown
	Minimum pool size: undefined/unknown
	Maximum pool size: undefined/unknown
2026-01-25 15:45:32 INFO  o.h.e.t.j.p.i.JtaPlatformInitiator - HHH000489: No JTA platform available (set 'hibernate.transaction.jta.platform' to enable JTA platform integration)
2026-01-25 15:45:32 INFO  o.s.o.j.LocalContainerEntityManagerFactoryBean - Initialized JPA EntityManagerFactory for persistence unit 'default'
2026-01-25 15:45:33 INFO  o.s.s.c.a.a.c.InitializeUserDetailsBeanManagerConfigurer$InitializeUserDetailsManagerConfigurer - Global AuthenticationManager configured with UserDetailsService bean with name appUserDetailsService
2026-01-25 15:45:34 WARN  o.s.b.a.o.j.JpaBaseConfiguration$JpaWebConfiguration - spring.jpa.open-in-view is enabled by default. Therefore, database queries may be performed during view rendering. Explicitly configure spring.jpa.open-in-view to disable this warning
2026-01-25 15:45:35 INFO  o.s.b.a.e.web.EndpointLinksResolver - Exposing 2 endpoints beneath base path '/actuator'
2026-01-25 15:45:37 INFO  o.s.b.a.h.H2ConsoleAutoConfiguration - H2 console available at '/h2-console'. Database available at 'jdbc:h2:mem:crmdb'
2026-01-25 15:45:37 INFO  c.s.c.CrmOrderSystemApplicationTests - Started CrmOrderSystemApplicationTests in 17.421 seconds (process running for 21.74)
2026-01-25 15:45:38 INFO  c.s.c.config.DataSeeder - ? Default admin user yarad?ld?: username=admin, password=12345
2026-01-25 15:45:38 WARN  o.s.c.events.SpringDocAppInitializer - SpringDoc /v3/api-docs endpoint is enabled by default. To disable it in production, set the property 'springdoc.api-docs.enabled=false'
2026-01-25 15:45:38 WARN  o.s.c.events.SpringDocAppInitializer - SpringDoc /swagger-ui.html endpoint is enabled by default. To disable it in production, set the property 'springdoc.swagger-ui.enabled=false'
2026-01-25 15:45:40 INFO  c.s.c.service.ProductService - Yeni m?hsul DB?y? yaz?l?r: Test Product
2026-01-25 15:45:40 INFO  c.s.c.service.ProductService - M?hsul u?urla DB?y? yaz?ld?, ID: 1
2026-01-25 15:45:40 INFO  c.s.c.service.ProductService - M?hsul DB?d? ID il? axtar?l?r: 1
2026-01-25 15:45:40 INFO  c.s.c.service.ProductService - M?hsul DB?d? yenil?nir, ID: 1
2026-01-25 15:45:40 INFO  c.s.c.service.ProductService - M?hsul DB?d? ID il? axtar?l?r: 1
2026-01-25 15:45:40 INFO  c.s.c.service.ProductService - M?hsul u?urla yenil?ndi, ID: 1
2026-01-25 15:45:40 INFO  c.s.c.service.ProductService - M?hsul DB?d? ID il? axtar?l?r: 1
2026-01-25 15:45:40 INFO  c.s.c.service.ProductService - M?hsul DB?d?n silinir, ID: 1
2026-01-25 15:45:40 INFO  c.s.c.service.ProductService - M?hsul DB?d? ID il? axtar?l?r: 1
2026-01-25 15:45:40 INFO  c.s.c.service.ProductService - M?hsul u?urla silindi, ID: 1
2026-01-25 15:45:40 INFO  c.s.c.service.ProductService - M?hsul siyah?s? DB?d?n g?tirilir...
2026-01-25 15:45:40 DEBUG c.s.c.service.ProductService - DB?d?n g?tiril?n m?hsul say?: 1
2026-01-25 15:45:41 INFO  c.s.c.service.UserService - ?stifad?çi DB?d? ID il? axtar?l?r: 1
2026-01-25 15:45:41 INFO  c.s.c.service.UserService - ?stifad?çi siyah?s? DB?d?n g?tirilir...
2026-01-25 15:45:41 DEBUG c.s.c.service.UserService - DB?d?n g?tiril?n istifad?çi say?: 1
2026-01-25 15:45:41 INFO  c.s.c.service.UserService - Yeni istifad?çi DB?y? yaz?l?r: Samir
2026-01-25 15:45:41 INFO  c.s.c.service.UserService - ?stifad?çi u?urla DB?y? yaz?ld?, ID: 1
2026-01-25 15:45:41 INFO  c.s.c.service.UserService - ?stifad?çi DB?d? yenil?nir, ID: 1
2026-01-25 15:45:41 INFO  c.s.c.service.UserService - ?stifad?çi u?urla yenil?ndi, ID: 1
2026-01-25 15:45:41 INFO  c.s.c.service.UserService - ?stifad?çi DB?d? ID il? axtar?l?r: 99
2026-01-25 15:45:41 INFO  c.s.c.service.UserService - ?stifad?çi DB?d?n silinir, ID: 1
2026-01-25 15:45:41 INFO  c.s.c.service.UserService - ?stifad?çi DB?d? ID il? axtar?l?r: 1
2026-01-25 15:45:41 INFO  c.s.c.service.UserService - ?stifad?çi u?urla silindi, ID: 1
2026-01-25 15:45:41 INFO  o.s.o.j.LocalContainerEntityManagerFactoryBean - Closing JPA EntityManagerFactory for persistence unit 'default'
2026-01-25 15:45:41 INFO  com.zaxxer.hikari.HikariDataSource - HikariPool-1 - Shutdown initiated...
2026-01-25 15:45:41 INFO  com.zaxxer.hikari.HikariDataSource - HikariPool-1 - Shutdown completed.
